17.10.2016 9:51:17	/
17.10.2016 9:51:22	/css/jquery.fancybox.css
17.10.2016 9:51:22	/css/style.css
17.10.2016 9:51:22	/js/jquery-scrollspy.js
17.10.2016 9:51:23	/js/jquery-1.12.3.min.js
17.10.2016 9:51:23	/css/responsive.css
17.10.2016 9:51:23	/js/jquery.fancybox.pack.js
17.10.2016 9:51:23	/js/jquery.maskedinput.js
17.10.2016 9:51:23	/images/help-img1.jpg
17.10.2016 9:51:24	/images/help-img2.jpg
17.10.2016 9:51:24	/images/help-img3.jpg
17.10.2016 9:51:24	/images/help-img4.jpg
17.10.2016 9:51:24	/images/how-ico1.png
17.10.2016 9:51:24	/images/how-ico4.png
17.10.2016 9:51:24	/images/how-ico3.png
17.10.2016 9:51:25	/images/how-ico2.png
17.10.2016 9:51:25	/images/android-img.jpg
17.10.2016 9:51:25	/images/mac-img.jpg
17.10.2016 9:51:26	/images/linux-img.jpg
17.10.2016 9:51:26	/images/web-img.jpg
17.10.2016 9:51:26	/images/windows-img.jpg
17.10.2016 9:51:26	/images/r-ico2.png
17.10.2016 9:51:26	/images/r-ico3.png
17.10.2016 9:51:26	/images/video-img1.jpg
17.10.2016 9:51:26	/images/ico-phone.png
17.10.2016 9:51:26	/images/video-img3.jpg
17.10.2016 9:51:27	/images/video-img4.jpg
17.10.2016 9:51:27	/images/video-img5.jpg
17.10.2016 9:51:27	/images/video-img2.jpg
17.10.2016 9:51:27	/images/r-ico1.png
17.10.2016 9:51:27	/images/partner2.png
17.10.2016 9:51:27	/js/materialmenu.jquery.min.js
17.10.2016 9:51:27	/images/partner4.png
17.10.2016 9:51:28	/images/partner5.png
17.10.2016 9:51:28	/images/partner6.png
17.10.2016 9:51:28	/images/video-img6.jpg
17.10.2016 9:51:28	/images/j-ico1.png
17.10.2016 9:51:28	/images/j-ico2.png
17.10.2016 9:51:28	/images/j-ico3.png
17.10.2016 9:51:28	/images/j-ico4.png
17.10.2016 9:51:29	/images/logo-footer.png
17.10.2016 9:51:29	/images/ico-f.jpg
17.10.2016 9:51:29	/images/partner3.png
17.10.2016 9:51:29	/images/ico-v.jpg
17.10.2016 9:51:29	/images/partner1.png
17.10.2016 9:51:29	/images/partners2-img.png
17.10.2016 9:51:30	/js/jquery.plugin.js
17.10.2016 9:51:30	/images/ios-img.jpg
17.10.2016 9:51:31	/js/main.js
17.10.2016 9:51:31	/images/ico-t.jpg
17.10.2016 9:51:32	/images/logo.png
17.10.2016 9:51:32	/css/reset.css
17.10.2016 9:51:34	/images/reliability-bg.jpg
17.10.2016 9:51:34	/images/arr-right-img.png
17.10.2016 9:51:35	/images/consult-form-bg.jpg
17.10.2016 9:51:35	/images/header-bg.jpg
17.10.2016 9:51:36	/images/arrow1.png
17.10.2016 9:51:36	/images/platform-sprite.png
17.10.2016 9:51:37	/images/benef-sprite.png
17.10.2016 9:51:37	/images/form-bg.jpg
17.10.2016 9:51:38	/images/arrow2.png
17.10.2016 9:51:38	/images/ico-play.png
17.10.2016 9:51:39	/images/partners-bg.png
17.10.2016 9:51:40	/favicon.ico
02.11.2016 14:37:14	/favicon.ico
02.11.2016 14:42:14	/ecb5beb8164c415d9259a6a442de9919/arterySignalR/ping?requestUrl=http%3A%2F%2Flocalhost%3A31776%2F&browserName=InternetExplorer&_=1478086934265
02.11.2016 14:42:51	/css/reset.css
02.11.2016 14:42:51	/js/jquery.plugin.js
02.11.2016 14:42:51	/js/jquery.fancybox.pack.js
02.11.2016 14:42:51	/js/materialmenu.jquery.min.js
02.11.2016 14:42:51	/js/jquery-scrollspy.js
02.11.2016 14:42:51	/css/responsive.css
02.11.2016 14:42:52	/css/jquery.fancybox.css
02.11.2016 14:42:53	/js/jquery-1.12.3.min.js
02.11.2016 14:42:53	/js/main.js
02.11.2016 14:42:53	/js/jquery.maskedinput.js
02.11.2016 14:42:54	/css/style.css
02.11.2016 14:43:37	/favicon.ico
02.11.2016 14:48:37	/ecb5beb8164c415d9259a6a442de9919/arterySignalR/ping?requestUrl=http%3A%2F%2Flocalhost%3A31776%2F&browserName=InternetExplorer&_=1478087317518
02.11.2016 14:53:37	/ecb5beb8164c415d9259a6a442de9919/arterySignalR/ping?requestUrl=http%3A%2F%2Flocalhost%3A31776%2F&browserName=InternetExplorer&_=1478087617508
02.11.2016 14:58:37	/ecb5beb8164c415d9259a6a442de9919/arterySignalR/ping?requestUrl=http%3A%2F%2Flocalhost%3A31776%2F&browserName=InternetExplorer&_=1478087917504
02.11.2016 15:00:03	/css/reset.css
02.11.2016 15:00:03	/js/materialmenu.jquery.min.js
02.11.2016 15:00:04	/js/jquery.fancybox.pack.js
02.11.2016 15:00:04	/js/jquery.plugin.js
02.11.2016 15:00:04	/js/jquery.maskedinput.js
02.11.2016 15:00:05	/css/style.css
02.11.2016 15:00:06	/js/jquery-1.12.3.min.js
02.11.2016 15:00:06	/css/jquery.fancybox.css
02.11.2016 15:00:07	/css/responsive.css
02.11.2016 15:00:08	/js/main.js
02.11.2016 15:00:08	/js/jquery-scrollspy.js
02.11.2016 15:00:13	/favicon.ico
02.11.2016 15:00:56	/css/reset.css
02.11.2016 15:00:57	/js/jquery.plugin.js
02.11.2016 15:00:57	/js/jquery-1.12.3.min.js
02.11.2016 15:00:57	/js/materialmenu.jquery.min.js
02.11.2016 15:00:57	/js/jquery-scrollspy.js
02.11.2016 15:00:57	/js/main.js
02.11.2016 15:00:58	/css/jquery.fancybox.css
02.11.2016 15:00:58	/js/jquery.maskedinput.js
02.11.2016 15:00:59	/css/style.css
02.11.2016 15:00:59	/css/responsive.css
02.11.2016 15:01:01	/js/jquery.fancybox.pack.js
02.11.2016 15:05:37	/favicon.ico
02.11.2016 15:07:30	/css/reset.css
02.11.2016 15:07:30	/js/jquery.plugin.js
02.11.2016 15:07:30	/css/jquery.fancybox.css
02.11.2016 15:07:30	/js/materialmenu.jquery.min.js
02.11.2016 15:07:30	/js/jquery-scrollspy.js
02.11.2016 15:07:30	/js/main.js
02.11.2016 15:07:30	/css/style.css
02.11.2016 15:07:31	/js/jquery.maskedinput.js
02.11.2016 15:07:31	/css/responsive.css
02.11.2016 15:07:32	/js/jquery-1.12.3.min.js
02.11.2016 15:07:33	/js/jquery.fancybox.pack.js
02.11.2016 15:10:01	/favicon.ico
02.11.2016 15:15:04	/css/reset.css
02.11.2016 15:15:04	/js/jquery.plugin.js
02.11.2016 15:15:04	/js/jquery.maskedinput.js
02.11.2016 15:15:04	/js/materialmenu.jquery.min.js
02.11.2016 15:15:04	/js/jquery-scrollspy.js
02.11.2016 15:15:05	/js/jquery-1.12.3.min.js
02.11.2016 15:15:05	/css/jquery.fancybox.css
02.11.2016 15:15:05	/js/main.js
02.11.2016 15:15:06	/css/responsive.css
02.11.2016 15:15:07	/css/style.css
02.11.2016 15:15:08	/js/jquery.fancybox.pack.js
02.11.2016 15:15:11	/favicon.ico
02.11.2016 15:16:29	/favicon.ico
02.11.2016 15:21:29	/ecb5beb8164c415d9259a6a442de9919/arterySignalR/ping?requestUrl=http%3A%2F%2Flocalhost%3A31776%2F&browserName=InternetExplorer&_=1478089289176
02.11.2016 15:23:39	/favicon.ico
02.11.2016 15:28:39	/ecb5beb8164c415d9259a6a442de9919/arterySignalR/ping?requestUrl=http%3A%2F%2Flocalhost%3A31776%2F&browserName=InternetExplorer&_=1478089719383
02.11.2016 15:29:33	/favicon.ico
02.11.2016 15:31:38	/favicon.ico
02.11.2016 15:36:02	/favicon.ico
02.11.2016 15:37:45	/favicon.ico
02.11.2016 15:42:45	/ecb5beb8164c415d9259a6a442de9919/arterySignalR/ping?requestUrl=http%3A%2F%2Flocalhost%3A31776%2F&browserName=InternetExplorer&_=1478090564720
02.11.2016 15:45:54	/favicon.ico
02.11.2016 15:47:57	/favicon.ico
02.11.2016 15:50:42	/favicon.ico
02.11.2016 15:55:42	/ecb5beb8164c415d9259a6a442de9919/arterySignalR/ping?requestUrl=http%3A%2F%2Flocalhost%3A31776%2F&browserName=InternetExplorer&_=1478091341872
02.11.2016 15:56:41	/favicon.ico
02.11.2016 16:01:41	/ecb5beb8164c415d9259a6a442de9919/arterySignalR/ping?requestUrl=http%3A%2F%2Flocalhost%3A31776%2F&browserName=InternetExplorer&_=1478091700735
02.11.2016 16:02:18	/favicon.ico
03.11.2016 13:32:01	/favicon.ico
03.11.2016 13:35:57	/favicon.ico
03.11.2016 13:40:57	/cf3b8db0e8e34d569e3a0d1d68dd20d2/arterySignalR/ping?requestUrl=http%3A%2F%2Flocalhost%3A31776%2F&browserName=InternetExplorer&_=1478169656907
03.11.2016 13:45:57	/cf3b8db0e8e34d569e3a0d1d68dd20d2/arterySignalR/ping?requestUrl=http%3A%2F%2Flocalhost%3A31776%2F&browserName=InternetExplorer&_=1478169956909
03.11.2016 13:50:57	/cf3b8db0e8e34d569e3a0d1d68dd20d2/arterySignalR/ping?requestUrl=http%3A%2F%2Flocalhost%3A31776%2F&browserName=InternetExplorer&_=1478170256898
03.11.2016 13:55:57	/cf3b8db0e8e34d569e3a0d1d68dd20d2/arterySignalR/ping?requestUrl=http%3A%2F%2Flocalhost%3A31776%2F&browserName=InternetExplorer&_=1478170556902
03.11.2016 14:00:57	/cf3b8db0e8e34d569e3a0d1d68dd20d2/arterySignalR/ping?requestUrl=http%3A%2F%2Flocalhost%3A31776%2F&browserName=InternetExplorer&_=1478170856903
03.11.2016 14:05:57	/cf3b8db0e8e34d569e3a0d1d68dd20d2/arterySignalR/ping?requestUrl=http%3A%2F%2Flocalhost%3A31776%2F&browserName=InternetExplorer&_=1478171156899
03.11.2016 14:10:57	/cf3b8db0e8e34d569e3a0d1d68dd20d2/arterySignalR/ping?requestUrl=http%3A%2F%2Flocalhost%3A31776%2F&browserName=InternetExplorer&_=1478171456905
03.11.2016 14:21:28	/cf3b8db0e8e34d569e3a0d1d68dd20d2/arterySignalR/ping?requestUrl=http%3A%2F%2Flocalhost%3A31776%2F&browserName=InternetExplorer&_=1478172087907
03.11.2016 14:26:28	/cf3b8db0e8e34d569e3a0d1d68dd20d2/arterySignalR/ping?requestUrl=http%3A%2F%2Flocalhost%3A31776%2F&browserName=InternetExplorer&_=1478172387906
03.11.2016 14:26:59	/favicon.ico
03.11.2016 14:28:08	/favicon.ico
03.11.2016 14:28:40	/favicon.ico
03.11.2016 14:30:36	/favicon.ico
03.11.2016 14:35:36	/cf3b8db0e8e34d569e3a0d1d68dd20d2/arterySignalR/ping?requestUrl=http%3A%2F%2Flocalhost%3A31776%2F&browserName=InternetExplorer&_=1478172935903
03.11.2016 14:36:59	/favicon.ico
03.11.2016 14:38:51	/favicon.ico
03.11.2016 14:43:51	/cf3b8db0e8e34d569e3a0d1d68dd20d2/arterySignalR/ping?requestUrl=http%3A%2F%2Flocalhost%3A31776%2F&browserName=InternetExplorer&_=1478173430740
03.11.2016 14:46:24	/favicon.ico
03.11.2016 14:48:20	/favicon.ico
03.11.2016 14:49:49	/favicon.ico
04.11.2016 7:18:24	/favicon.ico
07.11.2016 11:33:47	/favicon.ico
07.11.2016 11:49:03	/favicon.ico
07.11.2016 11:54:03	/ee5dd97545f042398619df16ed2c5b72/arterySignalR/ping?requestUrl=http%3A%2F%2Flocalhost%3A31776%2F&browserName=InternetExplorer&_=1478508843138
07.11.2016 11:56:10	/favicon.ico
07.11.2016 12:01:10	/ee5dd97545f042398619df16ed2c5b72/arterySignalR/ping?requestUrl=http%3A%2F%2Flocalhost%3A31776%2F&browserName=InternetExplorer&_=1478509270439
07.11.2016 12:01:34	/favicon.ico
07.11.2016 14:56:44	/favicon.ico
07.11.2016 15:01:44	/ee5dd97545f042398619df16ed2c5b72/arterySignalR/ping?requestUrl=http%3A%2F%2Flocalhost%3A31776%2F&browserName=InternetExplorer&_=1478520103621
07.11.2016 15:06:44	/ee5dd97545f042398619df16ed2c5b72/arterySignalR/ping?requestUrl=http%3A%2F%2Flocalhost%3A31776%2F&browserName=InternetExplorer&_=1478520403622
07.11.2016 15:11:43	/ee5dd97545f042398619df16ed2c5b72/arterySignalR/ping?requestUrl=http%3A%2F%2Flocalhost%3A31776%2F&browserName=InternetExplorer&_=1478520703613
07.11.2016 15:16:44	/ee5dd97545f042398619df16ed2c5b72/arterySignalR/ping?requestUrl=http%3A%2F%2Flocalhost%3A31776%2F&browserName=InternetExplorer&_=1478521003612
07.11.2016 15:17:45	/favicon.ico
07.11.2016 15:18:58	/favicon.ico
07.11.2016 15:19:54	/favicon.ico
07.11.2016 15:21:43	/favicon.ico
07.11.2016 15:22:55	/favicon.ico
07.11.2016 15:24:32	/favicon.ico
07.11.2016 15:25:42	/favicon.ico
07.11.2016 15:28:25	/favicon.ico
07.11.2016 15:29:31	/favicon.ico
07.11.2016 15:30:43	/favicon.ico
07.11.2016 15:32:04	/images/menu-close-ico.png
07.11.2016 15:32:05	/images/header-sm-bg.jpg
07.11.2016 15:33:15	/favicon.ico
07.11.2016 15:38:15	/ee5dd97545f042398619df16ed2c5b72/arterySignalR/ping?requestUrl=http%3A%2F%2Flocalhost%3A31776%2F&browserName=InternetExplorer&_=1478522294687
07.11.2016 15:47:35	/favicon.ico
07.11.2016 15:48:25	/favicon.ico
07.11.2016 15:48:51	/favicon.ico
07.11.2016 15:49:10	/favicon.ico
07.11.2016 15:52:43	/favicon.ico
07.11.2016 15:53:20	/favicon.ico
07.11.2016 15:54:57	/favicon.ico
07.11.2016 15:55:14	/favicon.ico
07.11.2016 15:55:35	/favicon.ico
07.11.2016 16:00:28	/favicon.ico
07.11.2016 16:00:32	/images/fancybox_overlay.png
07.11.2016 16:00:32	/images/fancybox_sprite.png
07.11.2016 16:01:55	/favicon.ico
07.11.2016 16:03:21	/favicon.ico
07.11.2016 16:05:30	/favicon.ico
07.11.2016 16:10:30	/ee5dd97545f042398619df16ed2c5b72/arterySignalR/ping?requestUrl=http%3A%2F%2Flocalhost%3A31776%2F&browserName=InternetExplorer&_=1478524230007
07.11.2016 16:13:39	/favicon.ico
07.11.2016 16:15:51	/favicon.ico
07.11.2016 16:18:52	/favicon.ico
07.11.2016 16:19:46	/favicon.ico
07.11.2016 16:20:56	/favicon.ico
07.11.2016 16:23:41	/favicon.ico
07.11.2016 16:27:41	/favicon.ico
07.11.2016 16:30:18	/favicon.ico
07.11.2016 16:31:09	/favicon.ico
07.11.2016 16:33:59	/favicon.ico
10.11.2016 8:42:11	/favicon.ico
10.11.2016 8:46:13	/favicon.ico
10.11.2016 8:54:48	/favicon.ico
10.11.2016 9:02:15	/favicon.ico
10.11.2016 9:48:17	/favicon.ico
10.11.2016 9:49:47	/favicon.ico
10.11.2016 9:53:24	/favicon.ico
10.11.2016 9:54:24	/favicon.ico
10.11.2016 9:55:02	/favicon.ico
10.11.2016 9:55:41	/favicon.ico
10.11.2016 9:58:52	/favicon.ico
10.11.2016 10:00:25	/favicon.ico
10.11.2016 10:01:16	/favicon.ico
10.11.2016 10:05:26	/favicon.ico
10.11.2016 10:15:22	/favicon.ico
14.11.2016 8:36:35	/favicon.ico
14.11.2016 8:38:17	/favicon.ico
14.11.2016 8:41:09	/favicon.ico
14.11.2016 8:42:11	/favicon.ico
14.11.2016 8:43:18	/favicon.ico
14.11.2016 8:44:06	/favicon.ico
14.11.2016 8:44:30	/favicon.ico
14.11.2016 8:49:38	/favicon.ico
14.11.2016 8:54:38	/25be5ad439b74dd998174b5421827796/arterySignalR/ping?requestUrl=http%3A%2F%2Flocalhost%3A31776%2F&browserName=InternetExplorer&_=1479102877833
14.11.2016 8:57:47	/favicon.ico
14.11.2016 9:00:15	/favicon.ico
14.11.2016 9:05:15	/25be5ad439b74dd998174b5421827796/arterySignalR/ping?requestUrl=http%3A%2F%2Flocalhost%3A31776%2F&browserName=InternetExplorer&_=1479103515298
14.11.2016 9:10:15	/25be5ad439b74dd998174b5421827796/arterySignalR/ping?requestUrl=http%3A%2F%2Flocalhost%3A31776%2F&browserName=InternetExplorer&_=1479103815308
14.11.2016 9:11:34	/favicon.ico
14.11.2016 9:18:39	/favicon.ico
14.11.2016 9:20:00	/favicon.ico
15.11.2016 13:51:16	/favicon.ico
15.11.2016 13:52:57	/favicon.ico
15.11.2016 13:54:12	/favicon.ico
15.11.2016 13:58:00	/favicon.ico
15.11.2016 13:58:27	/favicon.ico
30.11.2016 9:26:50	/9d7c0edaba8941eb8f597b8296301285/arterySignalR/ping?requestUrl=http%3A%2F%2Flocalhost%3A31776%2F&browserName=InternetExplorer&_=1480487209392
30.11.2016 9:53:37	/9d7c0edaba8941eb8f597b8296301285/arterySignalR/ping?requestUrl=http%3A%2F%2Flocalhost%3A31776%2F&browserName=InternetExplorer&_=1480488816744
30.11.2016 10:20:14	/9d7c0edaba8941eb8f597b8296301285/arterySignalR/ping?requestUrl=http%3A%2F%2Flocalhost%3A31776%2F&browserName=InternetExplorer&_=1480490413783
30.11.2016 10:42:09	/9d7c0edaba8941eb8f597b8296301285/arterySignalR/ping?requestUrl=http%3A%2F%2Flocalhost%3A31776%2F&browserName=InternetExplorer&_=1480491729010
30.11.2016 10:59:31	/?name=&phone=&email=&comment=%D0%9A%D0%BE%D0%BC%D0%BC%D0%B5%D0%BD%D1%82%D0%B0%D1%80%D0%B8%D0%B9
30.11.2016 11:37:40	/images/serts/1jpg
30.11.2016 12:28:38	/
09.12.2016 11:28:28	/de5cd5d5b3514b6ca7fa027686967fee/arterySignalR/ping	[locked]
09.12.2016 12:22:50	/6b7f1e031c07433dae2039761d447a0a/arterySignalR/ping	[locked]
09.12.2016 12:27:50	/6b7f1e031c07433dae2039761d447a0a/arterySignalR/ping	[locked]
09.01.2017 14:47:02	/1666a6591c18418989968943ea1e937b/arterySignalR/ping	[locked]
09.01.2017 14:52:02	/1666a6591c18418989968943ea1e937b/arterySignalR/ping	[locked]
09.01.2017 14:57:02	/1666a6591c18418989968943ea1e937b/arterySignalR/ping	[locked]
09.01.2017 15:02:02	/1666a6591c18418989968943ea1e937b/arterySignalR/ping	[locked]
09.01.2017 15:07:02	/1666a6591c18418989968943ea1e937b/arterySignalR/ping	[locked]
10.01.2017 9:41:58	/1666a6591c18418989968943ea1e937b/arterySignalR/ping	[locked]
10.01.2017 9:57:07	/1666a6591c18418989968943ea1e937b/arterySignalR/ping	[locked]
