12.12.2016 9:30:24	/
12.12.2016 9:30:28	/sites/all/modules/ctools/css/ctools.css?o3730h
12.12.2016 9:30:30	/sites/all/modules/colorbox_node/colorbox_node.css?o3730h
12.12.2016 9:30:31	/sites/all/modules/webform/css/webform.css?o3730h
12.12.2016 9:30:32	/modules/system/system.base.css?o3730h
12.12.2016 9:30:33	/sites/all/modules/nice_menus/js/jquery.hoverIntent.js?v=0.5
12.12.2016 9:30:35	/sites/all/modules/jquery_update/replace/ui/external/jquery.cookie.js?v=67fb34f6a866c40d0570
12.12.2016 9:30:37	/sites/all/modules/jquery_update/replace/misc/jquery.form.min.js?v=2.69
12.12.2016 9:30:38	/modules/field/theme/field.css?o3730h
12.12.2016 9:30:39	/sites/all/modules/jquery_update/js/jquery_update.js?v=0.0.1
12.12.2016 9:30:40	/sites/default/files/languages/ru_HJmiypIYBsq-2Q1LzAhWY-VjIO4RVX1e79-2rdy102A.js?o3730h
12.12.2016 9:30:41	/misc/drupal.js?o3730h
12.12.2016 9:30:42	/sites/all/modules/colorbox/js/colorbox.js?o3730h
12.12.2016 9:30:43	/misc/jquery.once.js?v=1.2
12.12.2016 9:30:45	/sites/all/modules/colorbox/js/colorbox_inline.js?o3730h
12.12.2016 9:30:46	/misc/progress.js?v=7.43
12.12.2016 9:30:47	/sites/all/modules/webform/js/webform.js?o3730h
12.12.2016 9:30:48	/sites/all/modules/colorbox_node/colorbox_node.js?o3730h
12.12.2016 9:30:49	/sites/all/themes/zen/sitemade/js/cloud-carousel.1.0.5.min.js?o3730h
12.12.2016 9:30:50	/sites/all/themes/zen/sitemade/css/owl.carousel.css
12.12.2016 9:30:51	/sites/all/themes/zen/sitemade/js/jquery.maskedinput.min.js?o3730h
12.12.2016 9:30:51	/sites/all/themes/zen/sitemade/js/jquery.mousewheel.js?o3730h
12.12.2016 9:30:52	/sites/all/themes/zen/sitemade/js/ie6.js?o3730h
12.12.2016 9:30:53	/sites/all/themes/zen/sitemade/js/owl.carousel.js
12.12.2016 9:30:55	/sites/all/themes/zen/sitemade/images/logo.jpg
12.12.2016 9:30:56	/sites/all/modules/colorbox/js/colorbox_load.js?o3730h
12.12.2016 9:30:57	/sites/default/files/iphone_ipad_video.jpg
12.12.2016 9:30:58	/sites/default/files/vkontakte.png
12.12.2016 9:30:59	/sites/default/files/video_type_1cam_1mic_0.jpg
12.12.2016 9:31:00	/sites/default/files/video_record_ico.jpg
12.12.2016 9:31:02	/sites/default/files/video_type_1.jpg
12.12.2016 9:31:03	/sites/default/files/video_type_2-camery.jpg
12.12.2016 9:31:05	/sites/default/files/video_type_2_camery_monitor_0.jpg
12.12.2016 9:31:05	/sites/default/files/video_type_4_camers_0.jpg
12.12.2016 9:31:06	/sites/default/files/video_type_4camers_monitor_0.jpg
12.12.2016 9:31:10	/sites/default/files/video_type_3_camers_glazok.jpg
12.12.2016 9:31:10	/sites/default/files/video_type_2_ip_camers_2mp.jpg
12.12.2016 9:31:11	/sites/default/files/video_type_4_ip_camers_0.jpg
12.12.2016 9:31:12	/sites/default/files/video_type_8_camers_monitor.jpg
12.12.2016 9:31:13	/sites/default/files/video_type_ip_8_camer_0.jpg
12.12.2016 9:31:14	/sites/default/files/video_type_2_rotate_6_ahd_camers_0.jpg
12.12.2016 9:31:15	/sites/default/files/video_type_16camers.jpg
12.12.2016 9:31:16	/sites/all/themes/zen/sitemade/images/trademark/01.png
12.12.2016 9:31:17	/sites/all/themes/zen/sitemade/images/trademark/02.png
12.12.2016 9:31:18	/sites/all/themes/zen/sitemade/images/trademark/03.png
12.12.2016 9:31:18	/sites/all/themes/zen/sitemade/images/trademark/04.png
12.12.2016 9:31:19	/sites/all/themes/zen/sitemade/images/trademark/05.png
12.12.2016 9:31:20	/sites/all/themes/zen/sitemade/images/trademark/06.png
12.12.2016 9:31:21	/sites/all/themes/zen/sitemade/images/trademark/07.png
12.12.2016 9:31:23	/sites/all/themes/zen/sitemade/images/trademark/08.png
12.12.2016 9:31:24	/sites/all/themes/zen/sitemade/images/trademark/09.png
12.12.2016 9:31:25	/sites/all/themes/zen/sitemade/images/trademark/10.png
12.12.2016 9:31:26	/sites/all/themes/zen/sitemade/images/trademark/11.png
12.12.2016 9:31:27	/sites/all/themes/zen/sitemade/images/trademark/12.png
12.12.2016 9:31:28	/sites/all/themes/zen/sitemade/images/trademark/13.png
12.12.2016 9:31:29	/sites/all/themes/zen/sitemade/images/trademark/14.png
12.12.2016 9:31:30	/sites/all/themes/zen/sitemade/images/trademark/15.png
12.12.2016 9:31:31	/sites/all/themes/zen/sitemade/images/trademark/16.png
12.12.2016 9:31:32	/sites/all/themes/zen/sitemade/images/trademark/17.png
12.12.2016 9:31:33	/sites/all/themes/zen/sitemade/images/trademark/18.png
12.12.2016 9:31:33	/sites/all/themes/zen/sitemade/images/trademark/19.png
12.12.2016 9:31:34	/sites/all/themes/zen/sitemade/images/trademark/20.png
12.12.2016 9:31:35	/sites/all/themes/zen/sitemade/images/trademark/21.png
12.12.2016 9:31:36	/sites/all/themes/zen/sitemade/images/trademark/22.png
12.12.2016 9:31:36	/sites/all/themes/zen/sitemade/images/trademark/23.png
12.12.2016 9:31:37	/sites/all/themes/zen/sitemade/images/trademark/24.png
12.12.2016 9:31:38	/sites/all/themes/zen/sitemade/images/trademark/25.png
12.12.2016 9:31:39	/sites/all/themes/zen/sitemade/images/trademark/26.png
12.12.2016 9:31:40	/sites/all/themes/zen/sitemade/images/trademark/27.png
12.12.2016 9:31:40	/sites/all/themes/zen/sitemade/images/trademark/28.png
12.12.2016 9:31:41	/sites/all/themes/zen/sitemade/images/trademark/29.png
12.12.2016 9:31:42	/sites/all/themes/zen/sitemade/images/trademark/30.png
12.12.2016 9:31:43	/sites/all/themes/zen/sitemade/images/trademark/31.png
12.12.2016 9:31:44	/sites/all/themes/zen/sitemade/images/trademark/32.png
12.12.2016 9:31:45	/sites/all/themes/zen/sitemade/images/trademark/33.png
12.12.2016 9:31:46	/sites/all/themes/zen/sitemade/images/trademark/34.png
12.12.2016 9:31:47	/sites/all/themes/zen/sitemade/images/trademark/35.png
12.12.2016 9:31:48	/sites/all/themes/zen/sitemade/images/trademark/36.png
12.12.2016 9:31:49	/sites/all/themes/zen/sitemade/images/trademark/37.png
12.12.2016 9:31:50	/sites/all/themes/zen/sitemade/images/trademark/38.png
12.12.2016 9:31:54	/sites/all/themes/zen/sitemade/images/trademark/39.png
12.12.2016 9:31:56	/sites/all/themes/zen/sitemade/images/trademark/40.png
12.12.2016 9:31:57	/sites/all/themes/zen/sitemade/images/trademark/41.png
12.12.2016 9:31:58	/sites/all/themes/zen/sitemade/images/trademark/42.png
12.12.2016 9:31:59	/sites/all/themes/zen/sitemade/images/trademark/43.png
12.12.2016 9:32:00	/sites/all/themes/zen/sitemade/images/trademark/44.png
12.12.2016 9:32:00	/sites/all/themes/zen/sitemade/images/trademark/45.png
12.12.2016 9:32:01	/sites/all/themes/zen/sitemade/images/trademark/46.png
12.12.2016 9:32:02	/sites/all/themes/zen/sitemade/images/trademark/47.png
12.12.2016 9:32:03	/sites/all/themes/zen/sitemade/images/trademark/48.png
12.12.2016 9:32:04	/sites/all/themes/zen/sitemade/images/trademark/50.png
12.12.2016 9:32:05	/sites/all/themes/zen/sitemade/images/trademark/49.png
12.12.2016 9:32:06	/sites/all/themes/zen/sitemade/images/trademark/51.png
12.12.2016 9:32:07	/sites/all/themes/zen/sitemade/images/trademark/52.png
12.12.2016 9:32:07	/sites/all/themes/zen/sitemade/images/trademark/53.png
12.12.2016 9:32:08	/sites/all/themes/zen/sitemade/images/trademark/54.png
12.12.2016 9:32:09	/sites/all/themes/zen/sitemade/images/trademark/55.png
12.12.2016 9:32:10	/sites/all/themes/zen/sitemade/images/trademark/56.png
12.12.2016 9:32:10	/sites/all/themes/zen/sitemade/images/trademark/57.png
12.12.2016 9:32:11	/sites/all/themes/zen/sitemade/images/trademark/58.png
12.12.2016 9:32:12	/sites/all/themes/zen/sitemade/images/trademark/59.png
12.12.2016 9:32:13	/sites/all/themes/zen/sitemade/images/trademark/60.png
12.12.2016 9:32:14	/sites/all/themes/zen/sitemade/images/trademark/61.png
12.12.2016 9:32:15	/sites/all/themes/zen/sitemade/images/trademark/62.png
12.12.2016 9:32:16	/sites/all/themes/zen/sitemade/images/trademark/63.png
12.12.2016 9:32:17	/sites/all/themes/zen/sitemade/images/trademark/64.png
12.12.2016 9:32:18	/sites/all/themes/zen/sitemade/images/trademark/65.png
12.12.2016 9:32:18	/sites/all/themes/zen/sitemade/images/trademark/66.png
12.12.2016 9:32:19	/sites/all/themes/zen/sitemade/images/trademark/67.png
12.12.2016 9:32:20	/sites/all/themes/zen/sitemade/images/trademark/68.png
12.12.2016 9:32:23	/sites/all/themes/zen/sitemade/images/trademark/69.png
12.12.2016 9:32:24	/sites/all/themes/zen/sitemade/images/trademark/70.png
12.12.2016 9:32:25	/sites/all/themes/zen/sitemade/images/trademark/71.png
12.12.2016 9:32:26	/sites/all/themes/zen/sitemade/images/trademark/72.png
12.12.2016 9:32:27	/sites/all/themes/zen/sitemade/images/trademark/73.png
12.12.2016 9:32:28	/sites/all/themes/zen/sitemade/images/trademark/74.png
12.12.2016 9:32:28	/sites/all/themes/zen/sitemade/images/trademark/75.png
12.12.2016 9:32:29	/sites/all/themes/zen/sitemade/images/trademark/76.png
12.12.2016 9:32:30	/sites/all/themes/zen/sitemade/images/trademark/77.png
12.12.2016 9:32:31	/sites/all/themes/zen/sitemade/images/trademark/78.png
12.12.2016 9:32:32	/sites/all/themes/zen/sitemade/images/trademark/79.png
12.12.2016 9:32:32	/sites/all/themes/zen/sitemade/images/trademark/80.png
12.12.2016 9:32:33	/sites/all/themes/zen/sitemade/images/trademark/81.png
12.12.2016 9:32:34	/sites/all/themes/zen/sitemade/images/trademark/82.png
12.12.2016 9:32:35	/sites/all/themes/zen/sitemade/images/trademark/83.png
12.12.2016 9:32:36	/sites/all/themes/zen/sitemade/images/trademark/84.png
12.12.2016 9:32:37	/sites/all/themes/zen/sitemade/images/trademark/85.png
12.12.2016 9:32:37	/sites/all/themes/zen/sitemade/images/trademark/86.png
12.12.2016 9:32:38	/sites/all/themes/zen/sitemade/images/trademark/87.png
12.12.2016 9:32:39	/sites/all/themes/zen/sitemade/images/trademark/88.png
12.12.2016 9:32:40	/sites/all/themes/zen/sitemade/images/trademark/89.png
12.12.2016 9:32:41	/sites/all/themes/zen/sitemade/images/trademark/90.png
12.12.2016 9:32:42	/sites/all/themes/zen/sitemade/images/trademark/91.png
12.12.2016 9:32:42	/sites/all/themes/zen/sitemade/images/trademark/92.png
12.12.2016 9:32:43	/sites/default/files/video_7.jpg
12.12.2016 9:32:44	/sites/all/themes/zen/sitemade/images/trademark/94.png
12.12.2016 9:32:45	/sites/all/themes/zen/sitemade/images/trademark/95.png
12.12.2016 9:32:46	/sites/all/themes/zen/sitemade/images/trademark/96.png
12.12.2016 9:32:46	/sites/all/themes/zen/sitemade/images/footer-logo.jpg
12.12.2016 9:32:48	/sites/all/themes/zen/sitemade/js/script.js?o3730h
12.12.2016 9:32:48	/sites/all/libraries/colorbox/jquery.colorbox-min.js?o3730h
12.12.2016 9:32:49	/misc/ajax.js?v=7.43
12.12.2016 9:32:50	/modules/search/search.css?o3730h
12.12.2016 9:32:51	/sites/all/themes/zen/sitemade/css/pages.css?o3730h
12.12.2016 9:32:52	/modules/node/node.css?o3730h
12.12.2016 9:32:53	/sites/all/themes/zen/sitemade/css/layout-fixed.css?o3730h
12.12.2016 9:32:54	/sites/all/modules/views/css/views.css?o3730h
12.12.2016 9:32:56	/sites/all/themes/zen/sitemade/css/html-reset.css?o3730h
12.12.2016 9:32:57	/sites/all/libraries/colorbox/example3/colorbox.css?o3730h
12.12.2016 9:39:17	/sites/all/themes/zen/sitemade/images/trademark/93.png
12.12.2016 9:39:23	/sites/all/themes/zen/sitemade/favicon.ico
12.12.2016 9:39:24	/favicon.ico
12.12.2016 9:39:29	/modules/system/system.base.css?o3730h
12.12.2016 9:39:29	/sites/all/themes/zen/sitemade/css/html-reset.css?o3730h
12.12.2016 9:39:30	/sites/all/modules/ctools/css/ctools.css?o3730h
12.12.2016 9:39:31	/sites/all/libraries/colorbox/example3/colorbox.css?o3730h
12.12.2016 9:39:32	/modules/field/theme/field.css?o3730h
12.12.2016 9:39:33	/sites/all/modules/webform/css/webform.css?o3730h
12.12.2016 9:39:34	/modules/search/search.css?o3730h
12.12.2016 9:39:35	/sites/all/themes/zen/sitemade/css/pages.css?o3730h
12.12.2016 9:39:36	/sites/all/themes/zen/sitemade/css/layout-fixed.css?o3730h
12.12.2016 9:39:38	/sites/all/modules/views/css/views.css?o3730h
12.12.2016 9:39:39	/sites/all/modules/colorbox_node/colorbox_node.css?o3730h
12.12.2016 9:39:41	/modules/node/node.css?o3730h
12.12.2016 9:39:42	/misc/jquery.once.js?v=1.2
12.12.2016 9:39:43	/misc/drupal.js?o3730h
12.12.2016 9:39:44	/sites/all/modules/nice_menus/js/jquery.hoverIntent.js?v=0.5
12.12.2016 9:39:45	/sites/all/modules/jquery_update/replace/ui/external/jquery.cookie.js?v=67fb34f6a866c40d0570
12.12.2016 9:39:46	/sites/all/modules/jquery_update/replace/misc/jquery.form.min.js?v=2.69
12.12.2016 9:39:47	/misc/ajax.js?v=7.43
12.12.2016 9:39:48	/sites/all/modules/jquery_update/js/jquery_update.js?v=0.0.1
12.12.2016 9:39:49	/sites/default/files/languages/ru_HJmiypIYBsq-2Q1LzAhWY-VjIO4RVX1e79-2rdy102A.js?o3730h
12.12.2016 9:39:50	/sites/all/libraries/colorbox/jquery.colorbox-min.js?o3730h
12.12.2016 9:39:50	/sites/all/modules/colorbox/js/colorbox.js?o3730h
12.12.2016 9:39:51	/sites/all/modules/colorbox/js/colorbox_load.js?o3730h
12.12.2016 9:39:52	/sites/all/modules/colorbox/js/colorbox_inline.js?o3730h
12.12.2016 9:39:53	/misc/progress.js?v=7.43
12.12.2016 9:39:54	/sites/all/modules/webform/js/webform.js?o3730h
12.12.2016 9:39:56	/sites/all/modules/colorbox_node/colorbox_node.js?o3730h
12.12.2016 9:39:56	/sites/all/themes/zen/sitemade/js/cloud-carousel.1.0.5.min.js?o3730h
12.12.2016 9:39:58	/sites/all/themes/zen/sitemade/js/jquery.mousewheel.js?o3730h
12.12.2016 9:39:58	/sites/all/themes/zen/sitemade/js/jquery.maskedinput.min.js?o3730h
12.12.2016 9:39:59	/sites/all/themes/zen/sitemade/js/script.js?o3730h
12.12.2016 9:40:00	/sites/all/themes/zen/sitemade/js/ie6.js?o3730h
12.12.2016 9:40:03	/sites/default/files/video_7.jpg
12.12.2016 9:40:04	/sites/all/themes/zen/sitemade/css/owl.carousel.css
12.12.2016 9:40:05	/sites/default/files/video_type_4_ip_camers_0.jpg
12.12.2016 9:40:06	/sites/all/themes/zen/sitemade/js/owl.carousel.js
12.12.2016 9:40:07	/sites/all/themes/zen/sitemade/images/logo.jpg
12.12.2016 9:40:09	/sites/default/files/video_type_3_camers_glazok.jpg
12.12.2016 9:40:11	/sites/default/files/video_type_ip_8_camer_0.jpg
12.12.2016 9:40:13	/sites/default/files/video_type_8_camers_monitor.jpg
12.12.2016 9:40:14	/sites/default/files/video_type_2_ip_camers_2mp.jpg
12.12.2016 9:40:16	/sites/all/themes/zen/sitemade/images/trademark/01.png
12.12.2016 9:40:17	/sites/all/themes/zen/sitemade/images/trademark/02.png
12.12.2016 9:40:18	/sites/all/themes/zen/sitemade/images/trademark/03.png
12.12.2016 9:40:19	/sites/default/files/video_type_2_rotate_6_ahd_camers_0.jpg
12.12.2016 9:40:20	/sites/default/files/video_type_16camers.jpg
12.12.2016 9:40:21	/sites/all/themes/zen/sitemade/images/trademark/06.png
12.12.2016 9:40:22	/sites/all/themes/zen/sitemade/images/trademark/09.png
12.12.2016 9:40:23	/sites/all/themes/zen/sitemade/images/trademark/10.png
12.12.2016 9:40:24	/sites/all/themes/zen/sitemade/images/trademark/08.png
12.12.2016 9:40:25	/sites/all/themes/zen/sitemade/images/trademark/07.png
12.12.2016 9:40:26	/sites/all/themes/zen/sitemade/images/trademark/11.png
12.12.2016 9:40:27	/sites/all/themes/zen/sitemade/images/trademark/12.png
12.12.2016 9:40:28	/sites/all/themes/zen/sitemade/images/trademark/13.png
12.12.2016 9:40:29	/sites/all/themes/zen/sitemade/images/trademark/14.png
12.12.2016 9:40:29	/sites/all/themes/zen/sitemade/images/trademark/15.png
12.12.2016 9:40:30	/sites/all/themes/zen/sitemade/images/trademark/16.png
12.12.2016 9:40:32	/sites/all/themes/zen/sitemade/images/trademark/17.png
12.12.2016 9:40:33	/sites/all/themes/zen/sitemade/images/trademark/05.png
12.12.2016 9:40:34	/sites/all/themes/zen/sitemade/images/trademark/19.png
12.12.2016 9:40:35	/sites/all/themes/zen/sitemade/images/trademark/20.png
12.12.2016 9:40:35	/sites/all/themes/zen/sitemade/images/trademark/21.png
12.12.2016 9:40:36	/sites/all/themes/zen/sitemade/images/trademark/22.png
12.12.2016 9:40:37	/sites/all/themes/zen/sitemade/images/trademark/23.png
12.12.2016 9:40:38	/sites/all/themes/zen/sitemade/images/trademark/24.png
12.12.2016 9:40:39	/sites/all/themes/zen/sitemade/images/trademark/25.png
12.12.2016 9:40:40	/sites/all/themes/zen/sitemade/images/trademark/26.png
12.12.2016 9:40:40	/sites/all/themes/zen/sitemade/images/trademark/27.png
12.12.2016 9:40:41	/sites/all/themes/zen/sitemade/images/trademark/28.png
12.12.2016 9:40:42	/sites/all/themes/zen/sitemade/images/trademark/29.png
12.12.2016 9:40:43	/sites/all/themes/zen/sitemade/images/trademark/30.png
12.12.2016 9:40:44	/sites/all/themes/zen/sitemade/images/trademark/31.png
12.12.2016 9:40:45	/sites/all/themes/zen/sitemade/images/trademark/32.png
12.12.2016 9:40:45	/sites/all/themes/zen/sitemade/images/trademark/33.png
12.12.2016 9:40:46	/sites/all/themes/zen/sitemade/images/trademark/18.png
12.12.2016 9:40:47	/sites/all/themes/zen/sitemade/images/trademark/35.png
12.12.2016 9:40:48	/sites/all/themes/zen/sitemade/images/trademark/36.png
12.12.2016 9:40:49	/sites/all/themes/zen/sitemade/images/trademark/37.png
12.12.2016 9:40:50	/sites/all/themes/zen/sitemade/images/trademark/38.png
12.12.2016 9:40:51	/sites/all/themes/zen/sitemade/images/trademark/39.png
12.12.2016 9:40:53	/sites/all/themes/zen/sitemade/images/trademark/40.png
12.12.2016 9:40:54	/sites/all/themes/zen/sitemade/images/trademark/41.png
12.12.2016 9:40:55	/sites/all/themes/zen/sitemade/images/trademark/42.png
12.12.2016 9:40:56	/sites/all/themes/zen/sitemade/images/trademark/34.png
12.12.2016 9:40:57	/sites/all/themes/zen/sitemade/images/trademark/44.png
12.12.2016 9:40:58	/sites/all/themes/zen/sitemade/images/trademark/45.png
12.12.2016 9:40:58	/sites/all/themes/zen/sitemade/images/trademark/46.png
12.12.2016 9:40:59	/sites/all/themes/zen/sitemade/images/trademark/47.png
12.12.2016 9:41:00	/sites/all/themes/zen/sitemade/images/trademark/48.png
12.12.2016 9:41:01	/sites/all/themes/zen/sitemade/images/trademark/43.png
12.12.2016 9:41:02	/sites/all/themes/zen/sitemade/images/trademark/51.png
12.12.2016 9:41:03	/sites/all/themes/zen/sitemade/images/trademark/50.png
12.12.2016 9:41:04	/sites/all/themes/zen/sitemade/images/trademark/52.png
12.12.2016 9:41:06	/sites/all/themes/zen/sitemade/images/trademark/53.png
12.12.2016 9:41:07	/sites/all/themes/zen/sitemade/images/trademark/54.png
12.12.2016 9:41:08	/sites/all/themes/zen/sitemade/images/trademark/55.png
12.12.2016 9:41:09	/sites/all/themes/zen/sitemade/images/trademark/56.png
12.12.2016 9:41:10	/sites/all/themes/zen/sitemade/images/trademark/58.png
12.12.2016 9:41:11	/sites/all/themes/zen/sitemade/images/trademark/59.png
12.12.2016 9:41:12	/sites/all/themes/zen/sitemade/images/trademark/57.png
12.12.2016 9:41:13	/sites/all/themes/zen/sitemade/images/trademark/60.png
12.12.2016 9:41:14	/sites/all/themes/zen/sitemade/images/trademark/61.png
12.12.2016 9:41:15	/sites/all/themes/zen/sitemade/images/trademark/62.png
12.12.2016 9:41:16	/sites/all/themes/zen/sitemade/images/trademark/63.png
12.12.2016 9:41:17	/sites/all/themes/zen/sitemade/images/trademark/64.png
12.12.2016 9:41:18	/sites/all/themes/zen/sitemade/images/trademark/65.png
12.12.2016 9:41:19	/sites/all/themes/zen/sitemade/images/trademark/66.png
12.12.2016 9:41:20	/sites/all/themes/zen/sitemade/images/trademark/67.png
12.12.2016 9:41:21	/sites/all/themes/zen/sitemade/images/trademark/68.png
12.12.2016 9:41:22	/sites/all/themes/zen/sitemade/images/trademark/49.png
12.12.2016 9:41:23	/sites/all/themes/zen/sitemade/images/trademark/04.png
12.12.2016 9:41:23	/sites/all/themes/zen/sitemade/images/trademark/71.png
12.12.2016 9:41:24	/sites/all/themes/zen/sitemade/images/trademark/72.png
12.12.2016 9:41:25	/sites/all/themes/zen/sitemade/images/trademark/73.png
12.12.2016 9:41:26	/sites/all/themes/zen/sitemade/images/trademark/74.png
12.12.2016 9:41:27	/sites/all/themes/zen/sitemade/images/trademark/75.png
12.12.2016 9:41:27	/sites/all/themes/zen/sitemade/images/trademark/76.png
12.12.2016 9:41:29	/sites/all/themes/zen/sitemade/images/trademark/70.png
12.12.2016 9:41:31	/sites/all/themes/zen/sitemade/images/trademark/78.png
12.12.2016 9:41:32	/sites/all/themes/zen/sitemade/images/trademark/79.png
12.12.2016 9:41:33	/sites/all/themes/zen/sitemade/images/trademark/80.png
12.12.2016 9:41:34	/sites/all/themes/zen/sitemade/images/trademark/81.png
12.12.2016 9:41:34	/sites/all/themes/zen/sitemade/images/trademark/82.png
12.12.2016 9:41:36	/sites/all/themes/zen/sitemade/images/trademark/83.png
12.12.2016 9:41:36	/sites/all/themes/zen/sitemade/images/trademark/77.png
12.12.2016 9:41:38	/sites/all/themes/zen/sitemade/images/trademark/85.png
12.12.2016 9:41:38	/sites/all/themes/zen/sitemade/images/trademark/86.png
12.12.2016 9:41:39	/sites/all/themes/zen/sitemade/images/trademark/87.png
12.12.2016 9:41:40	/sites/all/themes/zen/sitemade/images/trademark/88.png
12.12.2016 9:41:43	/sites/all/themes/zen/sitemade/images/trademark/89.png
12.12.2016 9:41:44	/sites/all/themes/zen/sitemade/images/trademark/90.png
12.12.2016 9:41:45	/sites/all/themes/zen/sitemade/images/trademark/91.png
12.12.2016 9:41:46	/sites/all/themes/zen/sitemade/images/trademark/92.png
12.12.2016 9:41:47	/sites/all/themes/zen/sitemade/images/trademark/93.png
12.12.2016 9:41:48	/sites/all/themes/zen/sitemade/images/trademark/94.png
12.12.2016 9:41:49	/sites/all/themes/zen/sitemade/images/trademark/95.png
12.12.2016 9:41:49	/sites/all/themes/zen/sitemade/images/trademark/96.png
12.12.2016 9:41:50	/sites/all/themes/zen/sitemade/images/footer-logo.jpg
12.12.2016 9:41:51	/sites/all/themes/zen/sitemade/images/trademark/69.png
12.12.2016 9:41:52	/sites/all/themes/zen/sitemade/images/trademark/84.png
12.12.2016 9:41:53	/sites/default/files/video_type_4camers_monitor_0.jpg
12.12.2016 9:41:54	/sites/default/files/video_type_1.jpg
12.12.2016 9:41:55	/sites/default/files/vkontakte.png
12.12.2016 9:41:57	/sites/default/files/video_type_1cam_1mic_0.jpg
12.12.2016 9:41:58	/sites/default/files/video_type_2-camery.jpg
12.12.2016 9:42:01	/sites/default/files/video_type_2_camery_monitor_0.jpg
12.12.2016 9:42:02	/sites/default/files/video_type_4_camers_0.jpg
12.12.2016 9:42:03	/sites/default/files/iphone_ipad_video.jpg
12.12.2016 9:42:05	/sites/default/files/video_record_ico.jpg
12.12.2016 9:42:06	/sites/all/themes/zen/sitemade/favicon.ico
12.12.2016 9:42:07	/favicon.ico
12.12.2016 9:47:11	/1d3b9be48fbe479b879c41ec700ebf89/arterySignalR/ping?requestUrl=http%3A%2F%2Flocalhost%3A31776%2F&browserName=InternetExplorer&_=1481525225138
12.12.2016 9:52:27	/
12.12.2016 9:52:29	/modules/system/system.base.css?o3730h
12.12.2016 9:52:29	/sites/all/libraries/colorbox/example3/colorbox.css?o3730h
12.12.2016 9:52:29	/sites/all/modules/ctools/css/ctools.css?o3730h
12.12.2016 9:52:29	/sites/all/modules/webform/css/webform.css?o3730h
12.12.2016 9:52:29	/sites/all/themes/zen/sitemade/css/html-reset.css?o3730h
12.12.2016 9:52:29	/sites/all/themes/zen/sitemade/css/layout-fixed.css?o3730h
12.12.2016 9:52:29	/sites/all/modules/colorbox_node/colorbox_node.css?o3730h
12.12.2016 9:52:29	/modules/node/node.css?o3730h
12.12.2016 9:52:29	/misc/drupal.js?o3730h
12.12.2016 9:52:29	/sites/all/modules/nice_menus/js/jquery.hoverIntent.js?v=0.5
12.12.2016 9:52:30	/sites/all/modules/jquery_update/replace/ui/external/jquery.cookie.js?v=67fb34f6a866c40d0570
12.12.2016 9:52:30	/sites/all/modules/jquery_update/replace/misc/jquery.form.min.js?v=2.69
12.12.2016 9:52:30	/misc/ajax.js?v=7.43
12.12.2016 9:52:30	/sites/all/modules/jquery_update/js/jquery_update.js?v=0.0.1
12.12.2016 9:52:30	/sites/default/files/languages/ru_HJmiypIYBsq-2Q1LzAhWY-VjIO4RVX1e79-2rdy102A.js?o3730h
12.12.2016 9:52:30	/modules/field/theme/field.css?o3730h
12.12.2016 9:52:30	/sites/all/modules/colorbox/js/colorbox.js?o3730h
12.12.2016 9:52:30	/sites/all/modules/colorbox/js/colorbox_load.js?o3730h
12.12.2016 9:52:30	/sites/all/modules/colorbox/js/colorbox_inline.js?o3730h
12.12.2016 9:52:30	/misc/progress.js?v=7.43
12.12.2016 9:52:30	/sites/all/modules/webform/js/webform.js?o3730h
12.12.2016 9:52:30	/sites/all/modules/colorbox_node/colorbox_node.js?o3730h
12.12.2016 9:52:30	/sites/all/themes/zen/sitemade/js/cloud-carousel.1.0.5.min.js?o3730h
12.12.2016 9:52:31	/sites/all/themes/zen/sitemade/js/jquery.mousewheel.js?o3730h
12.12.2016 9:52:31	/sites/all/themes/zen/sitemade/js/jquery.maskedinput.min.js?o3730h
12.12.2016 9:52:31	/sites/all/themes/zen/sitemade/css/pages.css?o3730h
12.12.2016 9:52:31	/sites/all/themes/zen/sitemade/js/ie6.js?o3730h
12.12.2016 9:52:31	/sites/all/themes/zen/sitemade/images/logo.jpg
12.12.2016 9:52:31	/sites/all/themes/zen/sitemade/images/footer-logo.jpg
12.12.2016 9:52:31	/sites/all/themes/zen/sitemade/js/script.js?o3730h
12.12.2016 9:52:31	/sites/all/libraries/colorbox/jquery.colorbox-min.js?o3730h
12.12.2016 9:52:32	/sites/all/modules/views/css/views.css?o3730h
12.12.2016 9:52:32	/misc/jquery.once.js?v=1.2
12.12.2016 9:52:32	/modules/search/search.css?o3730h
12.12.2016 9:52:34	/sites/all/themes/zen/sitemade/images/bg-background.jpg
12.12.2016 9:52:34	/sites/all/themes/zen/sitemade/images/li-blue.jpg
12.12.2016 9:52:34	/sites/all/themes/zen/sitemade/images/blue-phone.jpg
12.12.2016 9:52:34	/sites/all/themes/zen/sitemade/images/green-mail.gif
12.12.2016 9:52:34	/sites/all/themes/zen/sitemade/images/vk.gif
12.12.2016 9:52:34	/sites/all/libraries/colorbox/example3/images/controls.png
12.12.2016 9:52:34	/sites/all/themes/zen/sitemade/images/phone.jpg
12.12.2016 9:52:34	/sites/all/themes/zen/sitemade/images/all-images.png
12.12.2016 9:52:35	/sites/all/libraries/colorbox/example3/images/loading.gif
12.12.2016 9:52:35	/sites/all/themes/zen/sitemade/images/to-top.png
12.12.2016 9:52:35	/sites/all/themes/zen/sitemade/images/bg-footer.jpg
12.12.2016 9:52:35	/sites/all/themes/zen/sitemade/images/aurabi-white.png
12.12.2016 9:52:36	/sites/all/themes/zen/sitemade/images/reverse-call.png
12.12.2016 9:52:36	/sites/all/themes/zen/sitemade/images/zakaz-zvonar.png
12.12.2016 9:52:36	/sites/all/themes/zen/sitemade/favicon.ico
12.12.2016 9:52:57	/sites/all/themes/zen/sitemade/images/bed-boy.jpg
12.12.2016 9:53:04	/video
12.12.2016 9:53:05	/sites/all/themes/zen/sitemade/css/owl.carousel.css
12.12.2016 9:53:06	/sites/all/themes/zen/sitemade/js/owl.carousel.js
12.12.2016 9:53:06	/sites/default/files/mail_russia.jpg
12.12.2016 9:53:06	/sites/default/files/petermill_0.jpg
12.12.2016 9:53:06	/sites/default/files/soda_0.jpg
12.12.2016 9:53:06	/sites/all/themes/zen/sitemade/images/nalichie2.png
12.12.2016 9:53:06	/sites/default/files/zaozish.jpg
12.12.2016 9:53:06	/sites/default/files/trial-sport.jpg
12.12.2016 9:53:06	/sites/default/files/svaigost.jpg
12.12.2016 9:53:07	/sites/default/files/hoffman.jpg
12.12.2016 9:53:07	/sites/default/files/vodokanal.jpg
12.12.2016 9:53:07	/sites/default/files/sun_rain.jpg
12.12.2016 9:53:07	/sites/default/files/paradise.jpg
12.12.2016 9:53:07	/sites/default/files/ropsh_prudy.jpg
12.12.2016 9:53:07	/sites/default/files/mayak.jpg
12.12.2016 9:53:07	/sites/default/files/davita_0.jpg
12.12.2016 9:53:07	/sites/default/files/karel-kombinat.jpg
12.12.2016 9:53:07	/sites/default/files/euromet_0.jpg
12.12.2016 9:53:07	/sites/default/files/afonya.jpg
12.12.2016 9:53:07	/sites/default/files/mehuborka_0.jpg
12.12.2016 9:53:07	/sites/default/files/set.jpg
12.12.2016 9:53:07	/sites/default/files/ef.jpg
12.12.2016 9:53:07	/sites/all/themes/zen/sitemade/images/zakazat_becplatnuu_rac4et.png
12.12.2016 9:53:08	/sites/all/themes/zen/sitemade/images/bgcv.gif
12.12.2016 9:53:08	/sites/default/files/pekkaniska.jpg
12.12.2016 9:53:08	/sites/all/themes/zen/sitemade/images/sertifikat.png
12.12.2016 9:53:08	/sites/all/themes/zen/sitemade/images/zakazat-pachet.png
12.12.2016 9:53:08	/sites/all/themes/zen/sitemade/images/besplatnu_zakaz.png
12.12.2016 9:53:08	/sites/all/themes/zen/sitemade/images/poluchit.png
12.12.2016 9:53:09	/sites/all/themes/zen/sitemade/images/shlagbaum.png
12.12.2016 9:53:09	/sites/all/themes/zen/sitemade/images/kamera.png
12.12.2016 9:53:09	/sites/default/files/itella_0.jpg
12.12.2016 9:53:09	/sites/all/themes/zen/sitemade/images/foto.png
12.12.2016 9:53:09	/sites/all/themes/zen/sitemade/images/kalkulyator.png
12.12.2016 9:53:09	/sites/all/themes/zen/sitemade/images/bgcn.gif
12.12.2016 9:53:09	/sites/all/themes/zen/sitemade/images/bgcc.jpg
12.12.2016 9:53:09	/sites/all/themes/zen/sitemade/images/str.png
12.12.2016 9:53:09	/sites/default/files/kds.jpg
12.12.2016 9:53:10	/sites/default/files/azs-ligovo.jpg
12.12.2016 9:53:10	/sites/default/files/styles/crop160x120/public/IMG_2102.jpg?itok=57MBJSRo
12.12.2016 9:53:10	/sites/default/files/styles/crop160x120/public/IMG_2124.jpg?itok=2uwteu9m
12.12.2016 9:53:10	/sites/default/files/styles/crop160x120/public/E0TFrEWL3sk.jpg?itok=F0QGSqdt
12.12.2016 9:53:10	/sites/default/files/styles/crop160x120/public/JWIFjKsYC34.jpg?itok=BZPD-46_
12.12.2016 9:53:10	/sites/default/files/styles/crop160x120/public/IMG_1896.jpg?itok=qqfC1P3r
12.12.2016 9:53:10	/sites/default/files/styles/crop160x120/public/IMG_1885.jpg?itok=neK8yqSG
12.12.2016 9:53:10	/sites/default/files/styles/crop160x120/public/IMG_1223.jpg?itok=sUKEeXz-
12.12.2016 9:53:10	/sites/default/files/styles/crop160x120/public/IMG_1221.jpg?itok=zgQut3PW
12.12.2016 9:53:10	/sites/default/files/styles/crop160x120/public/IMG_1715.jpg?itok=EugcAF1V
12.12.2016 9:53:10	/sites/default/files/styles/crop160x120/public/IMG_0292.jpg?itok=59mTGj6T
12.12.2016 9:53:11	/sites/default/files/styles/crop160x120/public/IMG_0096.jpg?itok=1VRkUt3S
12.12.2016 9:53:11	/sites/default/files/styles/crop160x120/public/IMG_0085.jpg?itok=cdT_Ifta
12.12.2016 9:53:11	/sites/default/files/styles/crop160x120/public/DSCF2616.jpg?itok=yD9AuSiS
12.12.2016 9:53:11	/sites/default/files/styles/crop160x120/public/IMG_1433.jpg?itok=iQ8S8ykW
12.12.2016 9:53:11	/sites/default/files/styles/crop160x120/public/IMG_1407.jpg?itok=zSm_TH1V
12.12.2016 9:53:11	/sites/default/files/styles/crop160x120/public/IMG_1434.jpg?itok=7WmflhrT
12.12.2016 9:53:11	/sites/default/files/styles/crop160x120/public/2012-08-28%2017.39.21.jpg?itok=tPZcI1Zk
12.12.2016 9:53:11	/sites/default/files/styles/crop160x120/public/IMG_1442.jpg?itok=ybQ-gpIl
12.12.2016 9:53:11	/sites/default/files/styles/crop160x120/public/IMG_1444.jpg?itok=_600W_Ui
12.12.2016 9:53:11	/sites/default/files/styles/crop160x120/public/IMG_1445.jpg?itok=H8UPkJb8
12.12.2016 9:53:11	/sites/default/files/styles/crop160x120/public/5LiulfWcILE_2.jpg?itok=sB-G6tvQ
12.12.2016 9:53:12	/sites/all/themes/zen/sitemade/images/zakaz-1.png
12.12.2016 9:53:12	/sites/default/files/styles/crop160x120/public/DSCF2570.jpg?itok=2wyb80DT
12.12.2016 9:53:12	/sites/default/files/styles/crop160x120/public/DSCF2566.jpg?itok=mWefJd-U
12.12.2016 9:53:12	/sites/default/files/styles/crop160x120/public/DSCF2438.jpg?itok=-CS7QA9p
12.12.2016 9:53:12	/sites/default/files/styles/crop160x120/public/IMG_0825.jpg?itok=Yu-oxaTA
12.12.2016 9:53:12	/sites/default/files/styles/crop160x120/public/IMG_0754.jpg?itok=Uk4dwKWV
12.12.2016 9:53:12	/sites/default/files/styles/crop160x120/public/IMG_0806.jpg?itok=JHsZTH1i
12.12.2016 9:53:12	/sites/default/files/styles/crop160x120/public/IMG_0831.jpg?itok=OdwDCw3M
12.12.2016 9:53:12	/sites/default/files/styles/crop160x120/public/IMG_0910.jpg?itok=OWWBkAl3
12.12.2016 9:53:13	/sites/default/files/styles/crop160x120/public/YNTcMDUIAAk.jpg?itok=P4g3W-gD
12.12.2016 9:53:13	/sites/default/files/styles/crop160x120/public/IMG_0764.jpg?itok=JFc1Mjlz
12.12.2016 9:53:13	/sites/default/files/styles/crop160x120/public/DSCF1978.jpg?itok=zWHJlhlZ
12.12.2016 9:53:13	/sites/default/files/styles/crop160x120/public/DSCF1981.jpg?itok=-5PMoRL6
12.12.2016 9:53:13	/sites/default/files/styles/crop160x120/public/IMG_0364.jpg?itok=1rW8X2Jj
12.12.2016 9:53:13	/sites/default/files/styles/crop160x120/public/IMG_0374.jpg?itok=Tc6m0flM
12.12.2016 9:53:13	/sites/default/files/styles/crop160x120/public/DSCF2568.jpg?itok=7a11K90z
12.12.2016 9:53:13	/sites/default/files/styles/crop160x120/public/DSCF2086.jpg?itok=GYAQi5jZ
12.12.2016 9:53:13	/sites/default/files/styles/crop160x120/public/IMG_0911.jpg?itok=lMIPHyWx
12.12.2016 9:53:13	/sites/default/files/styles/crop160x120/public/DSCF2095.jpg?itok=8Cxdy2cV
12.12.2016 9:53:13	/sites/default/files/styles/crop160x120/public/DSCF2013.jpg?itok=8K3Z0YMR
12.12.2016 9:53:13	/sites/default/files/styles/crop160x120/public/DSCF1615.JPG?itok=ocruw2Bt
12.12.2016 9:53:13	/sites/default/files/styles/crop160x120/public/WP_001452.jpg?itok=RaiRkw3a
12.12.2016 9:53:13	/sites/default/files/styles/crop160x120/public/WP_001386.jpg?itok=orMnl8bN
12.12.2016 9:53:14	/sites/default/files/styles/crop160x120/public/IMG_2122.jpg?itok=GyxGmn4q
12.12.2016 9:53:14	/sites/default/files/styles/crop160x120/public/DSCF1554.jpg?itok=c04FfCLg
12.12.2016 9:53:14	/sites/default/files/styles/crop160x120/public/IMG_2107.jpg?itok=9NXcPkCu
12.12.2016 9:53:14	/sites/default/files/styles/crop160x120/public/DSCF2109.jpg?itok=JHVltXd2
12.12.2016 9:53:14	/sites/default/files/styles/crop160x120/public/2012-08-29%2021.58.30.jpg?itok=DVMAehen
12.12.2016 9:53:14	/sites/default/files/pekkaniska_0.png
12.12.2016 9:53:14	/sites/default/files/mayak.png
12.12.2016 9:53:14	/sites/default/files/vodokanal_0.png
12.12.2016 9:53:14	/sites/default/files/sortfish_0.png
12.12.2016 9:53:14	/sites/default/files/hoffman.png
12.12.2016 9:53:14	/sites/default/files/mehuborka_0.png
12.12.2016 9:53:14	/sites/default/files/sed_0.png
12.12.2016 9:53:14	/sites/default/files/ropsha.png
12.12.2016 9:53:14	/sites/default/files/russianpost.png
12.12.2016 9:53:15	/sites/default/files/soda_0.png
12.12.2016 9:53:15	/sites/default/files/beeline_0.png
12.12.2016 9:53:15	/sites/default/files/mennekes_0.png
12.12.2016 9:53:15	/sites/default/files/itella_0.png
12.12.2016 9:53:15	/sites/default/files/oil_0.png
12.12.2016 9:53:15	/sites/default/files/krylov_0.png
12.12.2016 9:53:15	/sites/default/files/schwenk.png
12.12.2016 9:53:15	/sites/default/files/aer_1.png
12.12.2016 9:53:15	/sites/default/files/styles/crop160x120/public/DSCF2107.jpg?itok=RHht71CR
12.12.2016 9:53:15	/sites/default/files/szmk_0.png
12.12.2016 9:53:15	/sites/default/files/sunrain_0.png
12.12.2016 9:53:15	/sites/default/files/english_first_0.png
12.12.2016 9:53:15	/sites/default/files/euromet_0.png
12.12.2016 9:53:15	/sites/default/files/eurogaz_0.png
12.12.2016 9:53:15	/sites/default/files/lseg_0.png
12.12.2016 9:53:16	/sites/default/files/vkontakte.png
12.12.2016 9:53:16	/sites/default/files/krizo_0.png
12.12.2016 9:53:16	/sites/default/files/aer.jpg
12.12.2016 9:53:16	/sites/default/files/styles/crop160x120/public/IMG_1288.jpg?itok=ttP5uFYp
12.12.2016 9:53:17	/sites/default/files/niva.jpg
12.12.2016 9:53:17	/sites/default/files/123444.jpg
12.12.2016 9:53:19	/sites/default/files/video_7.jpg
12.12.2016 9:53:19	/sites/default/files/iphone_ipad_video.jpg
12.12.2016 9:53:19	/sites/default/files/video_type_1cam_1mic_0.jpg
12.12.2016 9:53:19	/sites/default/files/video_record_ico.jpg
12.12.2016 9:53:19	/sites/default/files/video_type_2-camery.jpg
12.12.2016 9:53:19	/sites/default/files/video_type_2_camery_monitor_0.jpg
12.12.2016 9:53:19	/sites/default/files/video_type_4_camers_0.jpg
12.12.2016 9:53:19	/sites/default/files/video_type_4camers_monitor_0.jpg
12.12.2016 9:53:19	/sites/default/files/video_type_1.jpg
12.12.2016 9:53:19	/sites/default/files/video_type_3_camers_glazok.jpg
12.12.2016 9:53:20	/sites/default/files/video_type_2_ip_camers_2mp.jpg
12.12.2016 9:53:20	/sites/default/files/video_type_4_ip_camers_0.jpg
12.12.2016 9:53:20	/sites/default/files/video_type_ip_8_camer_0.jpg
12.12.2016 9:53:20	/sites/default/files/video_type_8_camers_monitor.jpg
12.12.2016 9:53:20	/sites/default/files/video_type_2_rotate_6_ahd_camers_0.jpg
12.12.2016 9:53:20	/sites/default/files/video_type_16camers.jpg
12.12.2016 9:53:20	/sites/all/themes/zen/sitemade/images/trademark/01.png
12.12.2016 9:53:20	/sites/all/themes/zen/sitemade/images/trademark/02.png
12.12.2016 9:53:20	/sites/all/themes/zen/sitemade/images/trademark/03.png
12.12.2016 9:53:20	/sites/all/themes/zen/sitemade/images/trademark/04.png
12.12.2016 9:53:20	/sites/all/themes/zen/sitemade/images/trademark/05.png
12.12.2016 9:53:20	/sites/all/themes/zen/sitemade/images/trademark/06.png
12.12.2016 9:53:20	/sites/all/themes/zen/sitemade/images/trademark/07.png
12.12.2016 9:53:20	/sites/all/themes/zen/sitemade/images/trademark/08.png
12.12.2016 9:53:20	/sites/all/themes/zen/sitemade/images/trademark/09.png
12.12.2016 9:53:21	/sites/all/themes/zen/sitemade/images/trademark/10.png
12.12.2016 9:53:21	/sites/all/themes/zen/sitemade/images/trademark/11.png
12.12.2016 9:53:21	/sites/all/themes/zen/sitemade/images/trademark/12.png
12.12.2016 9:53:21	/sites/all/themes/zen/sitemade/images/trademark/14.png
12.12.2016 9:53:21	/sites/all/themes/zen/sitemade/images/trademark/13.png
12.12.2016 9:53:21	/sites/all/themes/zen/sitemade/images/trademark/16.png
12.12.2016 9:53:21	/sites/all/themes/zen/sitemade/images/trademark/17.png
12.12.2016 9:53:21	/sites/all/themes/zen/sitemade/images/trademark/18.png
12.12.2016 9:53:21	/sites/all/themes/zen/sitemade/images/trademark/19.png
12.12.2016 9:53:21	/sites/all/themes/zen/sitemade/images/trademark/20.png
12.12.2016 9:53:21	/sites/all/themes/zen/sitemade/images/trademark/21.png
12.12.2016 9:53:21	/sites/all/themes/zen/sitemade/images/trademark/22.png
12.12.2016 9:53:21	/sites/all/themes/zen/sitemade/images/trademark/23.png
12.12.2016 9:53:22	/sites/all/themes/zen/sitemade/images/trademark/24.png
12.12.2016 9:53:22	/sites/all/themes/zen/sitemade/images/trademark/25.png
12.12.2016 9:53:22	/sites/all/themes/zen/sitemade/images/trademark/26.png
12.12.2016 9:53:22	/sites/all/themes/zen/sitemade/images/trademark/27.png
12.12.2016 9:53:22	/sites/all/themes/zen/sitemade/images/trademark/28.png
12.12.2016 9:53:22	/sites/all/themes/zen/sitemade/images/trademark/29.png
12.12.2016 9:53:22	/sites/all/themes/zen/sitemade/images/trademark/30.png
12.12.2016 9:53:22	/sites/all/themes/zen/sitemade/images/trademark/31.png
12.12.2016 9:53:22	/sites/all/themes/zen/sitemade/images/trademark/32.png
12.12.2016 9:53:22	/sites/all/themes/zen/sitemade/images/trademark/33.png
12.12.2016 9:53:22	/sites/all/themes/zen/sitemade/images/trademark/34.png
12.12.2016 9:53:22	/sites/all/themes/zen/sitemade/images/trademark/35.png
12.12.2016 9:53:22	/sites/all/themes/zen/sitemade/images/trademark/40.png
12.12.2016 9:53:22	/sites/all/themes/zen/sitemade/images/trademark/39.png
12.12.2016 9:53:22	/sites/all/themes/zen/sitemade/images/trademark/38.png
12.12.2016 9:53:23	/sites/all/themes/zen/sitemade/images/trademark/37.png
12.12.2016 9:53:23	/sites/all/themes/zen/sitemade/images/trademark/41.png
12.12.2016 9:53:23	/sites/all/themes/zen/sitemade/images/trademark/42.png
12.12.2016 9:53:23	/sites/all/themes/zen/sitemade/images/trademark/43.png
12.12.2016 9:53:23	/sites/all/themes/zen/sitemade/images/trademark/44.png
12.12.2016 9:53:23	/sites/all/themes/zen/sitemade/images/trademark/45.png
12.12.2016 9:53:23	/sites/all/themes/zen/sitemade/images/trademark/36.png
12.12.2016 9:53:23	/sites/all/themes/zen/sitemade/images/trademark/47.png
12.12.2016 9:53:23	/sites/all/themes/zen/sitemade/images/trademark/48.png
12.12.2016 9:53:23	/sites/all/themes/zen/sitemade/images/trademark/49.png
12.12.2016 9:53:23	/sites/all/themes/zen/sitemade/images/trademark/50.png
12.12.2016 9:53:23	/sites/all/themes/zen/sitemade/images/trademark/51.png
12.12.2016 9:53:23	/sites/all/themes/zen/sitemade/images/trademark/52.png
12.12.2016 9:53:23	/sites/all/themes/zen/sitemade/images/trademark/53.png
12.12.2016 9:53:23	/sites/all/themes/zen/sitemade/images/trademark/54.png
12.12.2016 9:53:23	/sites/all/themes/zen/sitemade/images/trademark/55.png
12.12.2016 9:53:23	/sites/all/themes/zen/sitemade/images/trademark/56.png
12.12.2016 9:53:24	/sites/all/themes/zen/sitemade/images/trademark/57.png
12.12.2016 9:53:24	/sites/all/themes/zen/sitemade/images/trademark/58.png
12.12.2016 9:53:24	/sites/all/themes/zen/sitemade/images/trademark/59.png
12.12.2016 9:53:24	/sites/all/themes/zen/sitemade/images/trademark/60.png
12.12.2016 9:53:24	/sites/all/themes/zen/sitemade/images/trademark/61.png
12.12.2016 9:53:24	/sites/all/themes/zen/sitemade/images/trademark/62.png
12.12.2016 9:53:24	/sites/all/themes/zen/sitemade/images/trademark/63.png
12.12.2016 9:53:24	/sites/all/themes/zen/sitemade/images/trademark/64.png
12.12.2016 9:53:24	/sites/all/themes/zen/sitemade/images/trademark/65.png
12.12.2016 9:53:24	/sites/all/themes/zen/sitemade/images/trademark/66.png
12.12.2016 9:53:24	/sites/all/themes/zen/sitemade/images/trademark/67.png
12.12.2016 9:53:24	/sites/all/themes/zen/sitemade/images/trademark/68.png
12.12.2016 9:53:24	/sites/all/themes/zen/sitemade/images/trademark/69.png
12.12.2016 9:53:24	/sites/all/themes/zen/sitemade/images/trademark/70.png
12.12.2016 9:53:24	/sites/all/themes/zen/sitemade/images/trademark/71.png
12.12.2016 9:53:24	/sites/all/themes/zen/sitemade/images/trademark/15.png
12.12.2016 9:53:24	/sites/all/themes/zen/sitemade/images/trademark/73.png
12.12.2016 9:53:25	/sites/all/themes/zen/sitemade/images/trademark/74.png
12.12.2016 9:53:25	/sites/all/themes/zen/sitemade/images/trademark/75.png
12.12.2016 9:53:25	/sites/all/themes/zen/sitemade/images/trademark/76.png
12.12.2016 9:53:25	/sites/all/themes/zen/sitemade/images/trademark/77.png
12.12.2016 9:53:25	/sites/all/themes/zen/sitemade/images/trademark/78.png
12.12.2016 9:53:25	/sites/all/themes/zen/sitemade/images/trademark/79.png
12.12.2016 9:53:25	/sites/all/themes/zen/sitemade/images/trademark/80.png
12.12.2016 9:53:25	/sites/all/themes/zen/sitemade/images/trademark/81.png
12.12.2016 9:53:25	/sites/all/themes/zen/sitemade/images/trademark/82.png
12.12.2016 9:53:25	/sites/all/themes/zen/sitemade/images/trademark/83.png
12.12.2016 9:53:25	/sites/all/themes/zen/sitemade/images/trademark/84.png
12.12.2016 9:53:25	/sites/all/themes/zen/sitemade/images/trademark/85.png
12.12.2016 9:53:25	/sites/all/themes/zen/sitemade/images/trademark/86.png
12.12.2016 9:53:25	/sites/all/themes/zen/sitemade/images/trademark/87.png
12.12.2016 9:53:25	/sites/all/themes/zen/sitemade/images/trademark/88.png
12.12.2016 9:53:25	/sites/all/themes/zen/sitemade/images/trademark/72.png
12.12.2016 9:53:25	/sites/all/themes/zen/sitemade/images/trademark/91.png
12.12.2016 9:53:26	/sites/all/themes/zen/sitemade/images/trademark/92.png
12.12.2016 9:53:26	/sites/all/themes/zen/sitemade/images/trademark/93.png
12.12.2016 9:53:26	/sites/all/themes/zen/sitemade/images/trademark/94.png
12.12.2016 9:53:26	/sites/all/themes/zen/sitemade/images/trademark/95.png
12.12.2016 9:53:26	/sites/all/themes/zen/sitemade/images/trademark/96.png
12.12.2016 9:53:26	/sites/all/themes/zen/sitemade/images/trademark/89.png
12.12.2016 9:53:26	/sites/all/themes/zen/sitemade/images/trademark/46.png
12.12.2016 9:53:26	/sites/all/themes/zen/sitemade/images/trademark/90.png
12.12.2016 9:53:27	/sites/all/themes/zen/sitemade/images/final-button.png
12.12.2016 9:53:27	/sites/all/themes/zen/sitemade/images/final-button.jpg
12.12.2016 9:53:28	/sites/all/themes/zen/sitemade/images/strelka-vlevo.png
12.12.2016 9:53:28	/sites/all/themes/zen/sitemade/images/strelka-vpravo.png
12.12.2016 9:53:28	/sites/all/themes/zen/sitemade/images/podarok.png
12.12.2016 10:04:12	/1d3b9be48fbe479b879c41ec700ebf89/arterySignalR/ping?requestUrl=http%3A%2F%2Flocalhost%3A31776%2Fvideo%2Fstandart_solutions&browserName=InternetExplorer&_=1481526246396
12.12.2016 10:09:07	/1d3b9be48fbe479b879c41ec700ebf89/arterySignalR/ping?requestUrl=http%3A%2F%2Flocalhost%3A31776%2Fvideo%2Fstandart_solutions&browserName=InternetExplorer&_=1481526546396
12.12.2016 10:14:12	/1d3b9be48fbe479b879c41ec700ebf89/arterySignalR/ping?requestUrl=http%3A%2F%2Flocalhost%3A31776%2Fvideo%2Fstandart_solutions&browserName=InternetExplorer&_=1481526846391
12.12.2016 10:19:07	/1d3b9be48fbe479b879c41ec700ebf89/arterySignalR/ping?requestUrl=http%3A%2F%2Flocalhost%3A31776%2Fvideo%2Fstandart_solutions&browserName=InternetExplorer&_=1481527146403
12.12.2016 10:24:07	/1d3b9be48fbe479b879c41ec700ebf89/arterySignalR/ping?requestUrl=http%3A%2F%2Flocalhost%3A31776%2Fvideo%2Fstandart_solutions&browserName=InternetExplorer&_=1481527446400
12.12.2016 10:29:08	/1d3b9be48fbe479b879c41ec700ebf89/arterySignalR/ping?requestUrl=http%3A%2F%2Flocalhost%3A31776%2Fvideo%2Fstandart_solutions&browserName=InternetExplorer&_=1481527746396
12.12.2016 10:34:09	/1d3b9be48fbe479b879c41ec700ebf89/arterySignalR/ping?requestUrl=http%3A%2F%2Flocalhost%3A31776%2Fvideo%2Fstandart_solutions&browserName=InternetExplorer&_=1481528046401
12.12.2016 10:45:47	/1d3b9be48fbe479b879c41ec700ebf89/arterySignalR/ping?requestUrl=http%3A%2F%2Flocalhost%3A31776%2Fvideo%2Fstandart_solutions&browserName=InternetExplorer&_=1481528745787
12.12.2016 10:50:47	/1d3b9be48fbe479b879c41ec700ebf89/arterySignalR/ping?requestUrl=http%3A%2F%2Flocalhost%3A31776%2Fvideo%2Fstandart_solutions&browserName=InternetExplorer&_=1481529045785
12.12.2016 10:55:50	/1d3b9be48fbe479b879c41ec700ebf89/arterySignalR/ping?requestUrl=http%3A%2F%2Flocalhost%3A31776%2Fvideo%2Fstandart_solutions&browserName=InternetExplorer&_=1481529345779
09.01.2017 13:29:06	/sites/all/themes/zen/sitemade/images/logo_ins.jpg
09.01.2017 14:11:28	/sites/all/modules/colorbox_node/images/loading.gif
10.01.2017 10:16:09	/cbdb4a771f3f4c30a502642f5cf1ba00/arterySignalR/ping?requestUrl=http%3A%2F%2Flocalhost%3A31776%2F&browserName=InternetExplorer&_=1484032559673
10.01.2017 10:22:18	/sites/all/themes/zen/sitemade/images/aurabi-black.png
